Arquivo carregado: Some("/home/mister/code/the-editor/README.md")
Diretório relativo ao Home: ~/code/the-editor
Arquivo carregado: Some("/home/mister/code/the-editor/README.md")
Diretório relativo ao Home: ~/code/the-editor
Arquivo carregado: Some("/home/mister/code/the-editor/src/main.rs")
Opened file: /home/mister/code/the-editor/src/main.rs
Diretório relativo ao Home: ~/code/the-editor/src
Error opening file: No such file or directory (os error 2)
Diretório relativo ao Home: ~/code/the-editor/src
Arquivo carregado: Some("/home/mister/code/the-editor/src/editor/mod.rs")
Opened file: /home/mister/code/the-editor/src/editor/mod.rs
Diretório relativo ao Home: ~/code/the-editor/src/editor
Arquivo carregado: Some("/home/mister/code/the-editor/README.md")
Diretório relativo ao Home: ~/code/the-editor
Arquivo carregado: Some("/home/mister/code/the-editor/src/main.rs")
Opened file: /home/mister/code/the-editor/src/main.rs
Nenhum arquivo aberto. Usando diretório de trabalho atual.
Arquivo carregado: Some("/home/mister/code/algorithms/README.md")
Opened file: /home/mister/code/algorithms/README.md
Diretório relativo ao Home: ~/code/algorithms
Arquivo carregado: Some("/home/mister/code/algorithms/zig/build.zig")
Opened file: /home/mister/code/algorithms/zig/build.zig
Diretório relativo ao Home: ~/code/algorithms/zig
Arquivo carregado: Some("/home/mister/code/the-editor/README.md")
Opened file: /home/mister/code/the-editor/README.md
Diretório relativo ao Home: ~/code/the-editor
Arquivo carregado: Some("/home/mister/code/the-editor/src/main.rs")
Opened file: /home/mister/code/the-editor/src/main.rs
Diretório relativo ao Home: ~/code/the-editor/src
Arquivo carregado: Some("/home/mister/.zshrc")
Opened file: /home/mister/.zshrc
Nenhum arquivo aberto. Usando diretório de trabalho atual.
Arquivo carregado: Some("/home/mister/code/the-editor/src/main.rs")
Opened file: /home/mister/code/the-editor/src/main.rs
Diretório relativo ao Home: ~/code/the-editor/src
Nenhum arquivo aberto. Usando diretório de trabalho atual.
Arquivo carregado: Some("/home/mister/code/the-editor/README.md")
Opened file: /home/mister/code/the-editor/README.md
Nenhum arquivo aberto. Usando diretório de trabalho atual.
Arquivo carregado: Some("/home/mister/code/the-editor/README.md")
Opened file: /home/mister/code/the-editor/README.md
Diretório relativo ao Home: ~/code/the-editor
Nenhum arquivo aberto. Usando diretório de trabalho atual.
Error opening file: No such file or directory (os error 2)
Nenhum arquivo aberto. Usando diretório de trabalho atual.
Arquivo carregado: Some("/home/mister/code/the-editor/README.md")
Opened file: /home/mister/code/the-editor/README.md
Nenhum arquivo aberto. Usando diretório de trabalho atual.
Arquivo carregado: Some("/home/mister/code/the-editor/README.md")
Opened file: /home/mister/code/the-editor/README.md
Nenhum arquivo aberto. Usando diretório de trabalho atual.
Arquivo carregado: Some("/home/mister/code/the-editor/README.md")
Opened file: /home/mister/code/the-editor/README.md
Diretório relativo ao Home: ~/code/the-editor
Nenhum arquivo aberto. Usando diretório de trabalho atual.
Nenhum arquivo aberto. Usando diretório de trabalho atual.
Arquivo carregado: Some("/home/mister/code/the-editor/README.md")
Opened file: /home/mister/code/the-editor/README.md
Nenhum arquivo aberto. Usando diretório de trabalho atual.
Arquivo carregado: Some("/home/mister/code/the-editor/README.md")
Opened file: /home/mister/code/the-editor/README.md
Nenhum arquivo aberto. Usando diretório de trabalho atual.
Arquivo carregado: Some("/home/mister/code/the-editor/README.md")
Opened file: /home/mister/code/the-editor/README.md
Nenhum arquivo aberto. Usando diretório de trabalho atual.
Arquivo carregado: Some("/home/mister/code/the-editor/README.md")
Opened file: /home/mister/code/the-editor/README.md
Nenhum arquivo aberto. Usando diretório de trabalho atual.
Arquivo carregado: Some("/home/mister/code/the-editor/README.md")
Opened file: /home/mister/code/the-editor/README.md
Diretório relativo ao Home: ~/code/the-editor
Arquivo carregado: Some("/home/mister/code/the-editor/src/main.rs")
Opened file: /home/mister/code/the-editor/src/main.rs
Diretório relativo ao Home: ~/code/the-editor/src
